"../../../Engine/Content/EditorResources/S_Actor.uexp" 0
"../../../Engine/Content/EditorResources/S_Actor.ubulk" 1
"../../../Engine/Content/EditorResources/S_Actor.uasset" 2
"../../../Engine/Content/EditorResources/S_BoxReflectionCapture.uasset" 3
"../../../Engine/Content/EditorResources/S_BoxReflectionCapture.uexp" 4
"../../../Engine/Content/EngineResources/DefaultTexture.uasset" 5
"../../../Engine/Content/EngineResources/DefaultTexture.uexp" 6
"../../../Engine/Content/EngineResources/DefaultTexture.ubulk" 7
"../../../Engine/Content/EngineResources/DefaultTextureCube.uasset" 8
"../../../Engine/Content/EngineResources/DefaultTextureCube.uexp" 9
"../../../Engine/Content/EngineResources/DefaultVolumeTexture2D.uexp" 10
"../../../Engine/Content/EngineResources/DefaultVolumeTexture2D.uasset" 11
"../../../Engine/Content/EngineResources/DefaultVolumeTexture.uexp" 12
"../../../Engine/Content/EngineResources/DefaultVolumeTexture.uasset" 13
"../../../Engine/Content/EditorResources/S_Trigger.uexp" 14
"../../../Engine/Content/EditorResources/S_Trigger.ubulk" 15
"../../../Engine/Content/EditorResources/S_Trigger.uasset" 16
"../../../Engine/Content/EditorResources/S_TriggerBox.uexp" 17
"../../../Engine/Content/EditorResources/S_TriggerBox.uasset" 18
"../../../Engine/Content/EditorResources/S_TriggerCapsule.uexp" 19
"../../../Engine/Content/EditorResources/S_TriggerCapsule.uasset" 20
"../../../Engine/Content/EditorResources/S_TriggerSphere.uasset" 21
"../../../Engine/Content/EditorResources/S_TriggerSphere.uexp" 22
"../../../Engine/Content/EngineMeshes/Sphere.uexp" 23
"../../../Engine/Content/EngineMeshes/Sphere.ubulk" 24
"../../../Engine/Content/EngineMeshes/Sphere.uasset" 25
"../../../Engine/Content/EngineResources/GradientTexture0.uexp" 26
"../../../Engine/Content/EngineResources/GradientTexture0.uasset" 27
"../../../Engine/Content/EngineResources/Black.uasset" 28
"../../../Engine/Content/EngineResources/Black.uexp" 29
"../../../Engine/Content/EditorResources/S_Solver.uasset" 30
"../../../Engine/Content/EditorResources/S_Solver.uexp" 31
"../../../Engine/Content/EditorResources/S_Solver.ubulk" 32
"../../../Engine/Content/EditorMaterials/Camera/CineMat.uasset" 33
"../../../Engine/Content/EditorMaterials/Camera/CineMat.uexp" 34
"../../../Engine/Content/EditorMaterials/Camera/MI_CineMat_Rig.uasset" 35
"../../../Engine/Content/EditorMaterials/Camera/MI_CineMat_Rig.uexp" 36
"../../../Engine/Content/EditorMeshes/Camera/SM_CraneRig_Base.ubulk" 37
"../../../Engine/Content/EditorMeshes/Camera/SM_CraneRig_Base.uexp" 38
"../../../Engine/Content/EditorMeshes/Camera/SM_CraneRig_Base.uasset" 39
"../../../Engine/Content/EditorMeshes/Camera/SM_CraneRig_Arm.ubulk" 40
"../../../Engine/Content/EditorMeshes/Camera/SM_CraneRig_Arm.uexp" 41
"../../../Engine/Content/EditorMeshes/Camera/SM_CraneRig_Arm.uasset" 42
"../../../Engine/Content/EditorMeshes/Camera/SM_CraneRig_Mount.uexp" 43
"../../../Engine/Content/EditorMeshes/Camera/SM_CraneRig_Mount.ubulk" 44
"../../../Engine/Content/EditorMeshes/Camera/SM_CraneRig_Mount.uasset" 45
"../../../Engine/Content/EditorMeshes/Camera/SM_CraneRig_Body.ubulk" 46
"../../../Engine/Content/EditorMeshes/Camera/SM_CraneRig_Body.uasset" 47
"../../../Engine/Content/EditorMeshes/Camera/SM_CraneRig_Body.uexp" 48
"../../../Engine/Content/EditorMeshes/Camera/SM_RailRig_Track.uexp" 49
"../../../Engine/Content/EditorMeshes/Camera/SM_RailRig_Track.ubulk" 50
"../../../Engine/Content/EditorMeshes/Camera/SM_RailRig_Track.uasset" 51
"../../../Engine/Content/EditorMeshes/Camera/SM_RailRig_Mount.ubulk" 52
"../../../Engine/Content/EditorMeshes/Camera/SM_RailRig_Mount.uexp" 53
"../../../Engine/Content/EditorMeshes/Camera/SM_RailRig_Mount.uasset" 54
"../../../Engine/Content/EngineMaterials/T_Default_Material_Grid_M.uasset" 55
"../../../Engine/Content/EngineMaterials/T_Default_Material_Grid_M.ubulk" 56
"../../../Engine/Content/EngineMaterials/T_Default_Material_Grid_M.uexp" 57
"../../../Engine/Content/EngineMaterials/T_Default_Material_Grid_N.uasset" 58
"../../../Engine/Content/EngineMaterials/T_Default_Material_Grid_N.uexp" 59
"../../../Engine/Content/EngineMaterials/T_Default_Material_Grid_N.ubulk" 60
"../../../Engine/Content/Functions/Engine_MaterialFunctions01/Opacity/CameraDepthFade.uexp" 61
"../../../Engine/Content/Functions/Engine_MaterialFunctions01/Opacity/CameraDepthFade.uasset" 62
"../../../Engine/Content/EngineMaterials/WorldGridMaterial.uexp" 63
"../../../Engine/Content/EngineMaterials/WorldGridMaterial.uasset" 64
"../../../Engine/Content/ArtTools/RenderToTexture/Meshes/S_1_Unit_Plane.uexp" 65
"../../../Engine/Content/ArtTools/RenderToTexture/Meshes/S_1_Unit_Plane.ubulk" 66
"../../../Engine/Content/ArtTools/RenderToTexture/Meshes/S_1_Unit_Plane.uasset" 67
"../../../Engine/Content/VREditor/LaserPointer/VR_LaserPower_01.uexp" 68
"../../../Engine/Content/VREditor/LaserPointer/VR_LaserPower_01.ubulk" 69
"../../../Engine/Content/VREditor/LaserPointer/VR_LaserPower_01.uasset" 70
"../../../Engine/Content/VREditor/TransformGizmo/TransformGizmoMaterial.uasset" 71
"../../../Engine/Content/VREditor/TransformGizmo/TransformGizmoMaterial.uexp" 72
"../../../Engine/Content/VREditor/TransformGizmo/TranslucentTransformGizmoMaterial.uasset" 73
"../../../Engine/Content/VREditor/TransformGizmo/TranslucentTransformGizmoMaterial.uexp" 74
"../../../Engine/Content/VREditor/TransformGizmo/PlaneTranslationHandle.ubulk" 75
"../../../Engine/Content/VREditor/TransformGizmo/PlaneTranslationHandle.uasset" 76
"../../../Engine/Content/VREditor/TransformGizmo/PlaneTranslationHandle.uexp" 77
"../../../Engine/Content/VREditor/TransformGizmo/BoundingBoxCorner.ubulk" 78
"../../../Engine/Content/VREditor/TransformGizmo/BoundingBoxCorner.uasset" 79
"../../../Engine/Content/VREditor/TransformGizmo/BoundingBoxCorner.uexp" 80
"../../../Engine/Content/VREditor/TransformGizmo/BoundingBoxEdge.ubulk" 81
"../../../Engine/Content/VREditor/TransformGizmo/BoundingBoxEdge.uexp" 82
"../../../Engine/Content/VREditor/TransformGizmo/BoundingBoxEdge.uasset" 83
"../../../Engine/Content/VREditor/TransformGizmo/Main.uasset" 84
"../../../Engine/Content/VREditor/TransformGizmo/Main.uexp" 85
"../../../Engine/Content/VREditor/TransformGizmo/Xray.uexp" 86
"../../../Engine/Content/VREditor/TransformGizmo/Xray.uasset" 87
"../../../Engine/Content/VREditor/TransformGizmo/SM_Sequencer_Node.uexp" 88
"../../../Engine/Content/VREditor/TransformGizmo/SM_Sequencer_Node.ubulk" 89
"../../../Engine/Content/VREditor/TransformGizmo/SM_Sequencer_Node.uasset" 90
"../../../Engine/Content/EditorMaterials/ParticleSystems/PSysThumbnail_NoImage.ubulk" 91
"../../../Engine/Content/EditorMaterials/ParticleSystems/PSysThumbnail_NoImage.uexp" 92
"../../../Engine/Content/EditorMaterials/ParticleSystems/PSysThumbnail_NoImage.uasset" 93
"../../../Engine/Content/EditorMaterials/ParticleSystems/PSysThumbnail_OOD.ubulk" 94
"../../../Engine/Content/EditorMaterials/ParticleSystems/PSysThumbnail_OOD.uexp" 95
"../../../Engine/Content/EditorMaterials/ParticleSystems/PSysThumbnail_OOD.uasset" 96
"../../../Engine/Content/EditorLandscapeResources/SplineEditorMeshMat.uasset" 97
"../../../Engine/Content/EditorLandscapeResources/SplineEditorMeshMat.uexp" 98
"../../../Engine/Content/EditorLandscapeResources/SplineEditorMesh.uexp" 99
"../../../Engine/Content/EditorLandscapeResources/SplineEditorMesh.uasset" 100
"../../../Engine/Content/EditorLandscapeResources/SplineEditorMesh.ubulk" 101
"../../../Engine/Content/EditorLandscapeResources/DefaultAlphaTexture.uexp" 102
"../../../Engine/Content/EditorLandscapeResources/DefaultAlphaTexture.uasset" 103
"../../../Engine/Content/EditorResources/S_Terrain.uasset" 104
"../../../Engine/Content/EditorResources/S_Terrain.uexp" 105
"../../../Engine/Content/EditorResources/S_Terrain.ubulk" 106
"../../../Engine/Plugins/Media/MediaPlate/Content/SM_MediaPlateScreen.ubulk" 107
"../../../Engine/Plugins/Media/MediaPlate/Content/SM_MediaPlateScreen.uasset" 108
"../../../Engine/Plugins/Media/MediaPlate/Content/SM_MediaPlateScreen.uexp" 109
"../../../Engine/Content/EngineMaterials/Good64x64TilingNoiseHighFreq.uasset" 110
"../../../Engine/Content/EngineMaterials/Good64x64TilingNoiseHighFreq.uexp" 111
"../../../Engine/Content/EngineMaterials/DefaultBokeh.uexp" 112
"../../../Engine/Content/EngineMaterials/DefaultBokeh.uasset" 113
"../../../Engine/Content/EngineMaterials/PreintegratedSkinBRDF.uexp" 114
"../../../Engine/Content/EngineMaterials/PreintegratedSkinBRDF.uasset" 115
"../../../Engine/Content/EngineMaterials/MiniFont.uexp" 116
"../../../Engine/Content/EngineMaterials/MiniFont.uasset" 117
"../../../Engine/Content/EngineMaterials/WeightMapPlaceholderTexture.uasset" 118
"../../../Engine/Content/EngineMaterials/WeightMapPlaceholderTexture.uexp" 119
"../../../Engine/Content/EngineMaterials/DefaultWhiteGrid.ubulk" 120
"../../../Engine/Content/EngineMaterials/DefaultWhiteGrid.uexp" 121
"../../../Engine/Content/EngineMaterials/DefaultWhiteGrid.uasset" 122
"../../../Engine/Content/Functions/Engine_MaterialFunctions02/WorldPositionOffset/CameraOffset.uexp" 123
"../../../Engine/Content/Functions/Engine_MaterialFunctions02/WorldPositionOffset/CameraOffset.uasset" 124
"../../../Engine/Plugins/Animation/ControlRig/Content/M_Manip.uasset" 125
"../../../Engine/Plugins/Animation/ControlRig/Content/M_Manip.uexp" 126
"../../../Engine/Plugins/2D/Paper2D/Content/PlaceholderTextures/DummySpriteTexture.ubulk" 127
"../../../Engine/Plugins/2D/Paper2D/Content/PlaceholderTextures/DummySpriteTexture.uexp" 128
"../../../Engine/Plugins/2D/Paper2D/Content/PlaceholderTextures/DummySpriteTexture.uasset" 129
"../../../Engine/Plugins/2D/Paper2D/Content/DefaultSpriteMaterial.uexp" 130
"../../../Engine/Plugins/2D/Paper2D/Content/DefaultSpriteMaterial.uasset" 131
"../../../Engine/Plugins/2D/Paper2D/Content/MaskedUnlitSpriteMaterial.uexp" 132
"../../../Engine/Plugins/2D/Paper2D/Content/MaskedUnlitSpriteMaterial.uasset" 133
"../../../Engine/Plugins/2D/Paper2D/Content/DummySprite.uasset" 134
"../../../Engine/Plugins/2D/Paper2D/Content/DummySprite.uexp" 135
"../../../Engine/Plugins/2D/Paper2D/Content/DefaultPaperTerrainMaterial.uexp" 136
"../../../Engine/Plugins/2D/Paper2D/Content/DefaultPaperTerrainMaterial.uasset" 137
"../../../Engine/Plugins/2D/Paper2D/Content/OpaqueUnlitSpriteMaterial.uasset" 138
"../../../Engine/Plugins/2D/Paper2D/Content/OpaqueUnlitSpriteMaterial.uexp" 139
"../../../Engine/Plugins/Runtime/MeshModelingToolset/Content/Materials/M_DynamicMeshComponentVtxColor.uexp" 140
"../../../Engine/Plugins/Runtime/MeshModelingToolset/Content/Materials/M_DynamicMeshComponentVtxColor.uasset" 141
"../../../Engine/Plugins/Interchange/Runtime/Content/Pipelines/DefaultAssetsPipeline.uexp" 142
"../../../Engine/Plugins/Interchange/Runtime/Content/Pipelines/DefaultAssetsPipeline.uasset" 143
"../../../Engine/Plugins/Interchange/Runtime/Content/Pipelines/DefaultSceneLevelPipeline.uexp" 144
"../../../Engine/Plugins/Interchange/Runtime/Content/Pipelines/DefaultSceneLevelPipeline.uasset" 145
"../../../Engine/Plugins/Interchange/Runtime/Content/Pipelines/DefaultSceneAssetsPipeline.uasset" 146
"../../../Engine/Plugins/Interchange/Runtime/Content/Pipelines/DefaultSceneAssetsPipeline.uexp" 147
"../../../Engine/Plugins/Interchange/Runtime/Content/Pipelines/DefaultMaterialPipeline.uasset" 148
"../../../Engine/Plugins/Interchange/Runtime/Content/Pipelines/DefaultMaterialPipeline.uexp" 149
"../../../Engine/Plugins/Interchange/Runtime/Content/Pipelines/DefaultTexturePipeline.uasset" 150
"../../../Engine/Plugins/Interchange/Runtime/Content/Pipelines/DefaultTexturePipeline.uexp" 151
"../../../Engine/Plugins/Editor/SpeedTreeImporter/Content/SpeedTree9/game_wind_noise.uexp" 152
"../../../Engine/Plugins/Editor/SpeedTreeImporter/Content/SpeedTree9/game_wind_noise.uasset" 153
"../../../Engine/Plugins/Editor/SpeedTreeImporter/Content/SpeedTree9/game_wind_noise.ubulk" 154
"../../../Engine/Plugins/Editor/SpeedTreeImporter/Content/SpeedTree9/UnpackDirection.uexp" 155
"../../../Engine/Plugins/Editor/SpeedTreeImporter/Content/SpeedTree9/UnpackDirection.uasset" 156
"../../../Engine/Content/Functions/Engine_MaterialFunctions02/ObjectLocalBounds.uasset" 157
"../../../Engine/Content/Functions/Engine_MaterialFunctions02/ObjectLocalBounds.uexp" 158
"../../../Engine/Content/Functions/Engine_MaterialFunctions02/Utility/BreakOutFloat3Components.uasset" 159
"../../../Engine/Content/Functions/Engine_MaterialFunctions02/Utility/BreakOutFloat3Components.uexp" 160
"../../../Engine/Content/Functions/Engine_MaterialFunctions02/UVs/BoundingBoxBased_0-1_UVW.uexp" 161
"../../../Engine/Content/Functions/Engine_MaterialFunctions02/UVs/BoundingBoxBased_0-1_UVW.uasset" 162
"../../../Engine/Content/Functions/Engine_MaterialFunctions02/Utility/VectorLength.uexp" 163
"../../../Engine/Content/Functions/Engine_MaterialFunctions02/Utility/VectorLength.uasset" 164
"../../../Engine/Plugins/Editor/SpeedTreeImporter/Content/SpeedTree9/UnpackInteger3.uexp" 165
"../../../Engine/Plugins/Editor/SpeedTreeImporter/Content/SpeedTree9/UnpackInteger3.uasset" 166
"../../../Engine/Plugins/Editor/SpeedTreeImporter/Content/SpeedTree9/SpeedTreeCameraFacing.uasset" 167
"../../../Engine/Plugins/Editor/SpeedTreeImporter/Content/SpeedTree9/SpeedTreeCameraFacing.uexp" 168
"../../../Engine/Content/Functions/Engine_MaterialFunctions02/WorldPositionOffset/ObjectScale.uexp" 169
"../../../Engine/Content/Functions/Engine_MaterialFunctions02/WorldPositionOffset/ObjectScale.uasset" 170
"../../../Engine/Content/Functions/Engine_MaterialFunctions02/SafeNormalize.uasset" 171
"../../../Engine/Content/Functions/Engine_MaterialFunctions02/SafeNormalize.uexp" 172
"../../../Engine/Plugins/Editor/SpeedTreeImporter/Content/SpeedTree9/SpeedTreeWindMotion.uexp" 173
"../../../Engine/Plugins/Editor/SpeedTreeImporter/Content/SpeedTree9/SpeedTreeWindMotion.uasset" 174
"../../../Engine/Plugins/Editor/SpeedTreeImporter/Content/SpeedTree9/SpeedTreeBranchMotion.uexp" 175
"../../../Engine/Plugins/Editor/SpeedTreeImporter/Content/SpeedTree9/SpeedTreeBranchMotion.uasset" 176
"../../../Engine/Plugins/Editor/SpeedTreeImporter/Content/SpeedTree9/SpeedTreeWind.uasset" 177
"../../../Engine/Plugins/Editor/SpeedTreeImporter/Content/SpeedTree9/SpeedTreeWind.uexp" 178
"../../../Engine/Plugins/Editor/SpeedTreeImporter/Content/SpeedTree9/EmptyNormal.uasset" 179
"../../../Engine/Plugins/Editor/SpeedTreeImporter/Content/SpeedTree9/EmptyNormal.uexp" 180
"../../../Engine/Plugins/Editor/SpeedTreeImporter/Content/SpeedTree9/Empty.uasset" 181
"../../../Engine/Plugins/Editor/SpeedTreeImporter/Content/SpeedTree9/Empty.uexp" 182
"../../../Engine/Plugins/Editor/SpeedTreeImporter/Content/SpeedTree9/SpeedTreeMaster.uexp" 183
"../../../Engine/Plugins/Editor/SpeedTreeImporter/Content/SpeedTree9/SpeedTreeMaster.uasset" 184
"../../../Engine/Plugins/Editor/SpeedTreeImporter/Content/SpeedTree9/SpeedTreeBillboard.uexp" 185
"../../../Engine/Plugins/Editor/SpeedTreeImporter/Content/SpeedTree9/SpeedTreeBillboard.uasset" 186
"../../../Engine/Plugins/Editor/SpeedTreeImporter/Content/SpeedTree9/SpeedTreeBillboardMaster.uasset" 187
"../../../Engine/Plugins/Editor/SpeedTreeImporter/Content/SpeedTree9/SpeedTreeBillboardMaster.uexp" 188
"../../../Engine/Plugins/Animation/ControlRig/Content/Controls/ControlRig_Octagon_solid.uexp" 189
"../../../Engine/Plugins/Animation/ControlRig/Content/Controls/ControlRig_Octagon_solid.ubulk" 190
"../../../Engine/Plugins/Animation/ControlRig/Content/Controls/ControlRig_Octagon_solid.uasset" 191
"../../../Engine/Plugins/Animation/ControlRig/Content/Controls/ControlRig_Pyramid_solid.uexp" 192
"../../../Engine/Plugins/Animation/ControlRig/Content/Controls/ControlRig_Pyramid_solid.ubulk" 193
"../../../Engine/Plugins/Animation/ControlRig/Content/Controls/ControlRig_Pyramid_solid.uasset" 194
"../../../Engine/Plugins/Animation/ControlRig/Content/Controls/ControlRig_Wedge_solid.uexp" 195
"../../../Engine/Plugins/Animation/ControlRig/Content/Controls/ControlRig_Wedge_solid.ubulk" 196
"../../../Engine/Plugins/Animation/ControlRig/Content/Controls/ControlRig_Wedge_solid.uasset" 197
"../../../Engine/Plugins/Animation/ControlRig/Content/Controls/ControlRig_RoundedSquare_1mm.ubulk" 198
"../../../Engine/Plugins/Animation/ControlRig/Content/Controls/ControlRig_RoundedSquare_1mm.uexp" 199
"../../../Engine/Plugins/Animation/ControlRig/Content/Controls/ControlRig_RoundedSquare_1mm.uasset" 200
"../../../Engine/Plugins/Animation/ControlRig/Content/Controls/ControlRig_Star4_1mm.ubulk" 201
"../../../Engine/Plugins/Animation/ControlRig/Content/Controls/ControlRig_Star4_1mm.uexp" 202
"../../../Engine/Plugins/Animation/ControlRig/Content/Controls/ControlRig_Star4_1mm.uasset" 203
"../../../Engine/Plugins/Animation/ControlRig/Content/Controls/ControlRigXRayMaterial.uexp" 204
"../../../Engine/Plugins/Animation/ControlRig/Content/Controls/ControlRigXRayMaterial.uasset" 205
"../../../Engine/Plugins/Animation/ControlRig/Content/Controls/ControlRig_Hexagon_solid.ubulk" 206
"../../../Engine/Plugins/Animation/ControlRig/Content/Controls/ControlRig_Hexagon_solid.uexp" 207
"../../../Engine/Plugins/Animation/ControlRig/Content/Controls/ControlRig_Hexagon_solid.uasset" 208
"../../../Engine/Plugins/Animation/ControlRig/Content/Controls/ControlRig_Arrow_solid.ubulk" 209
"../../../Engine/Plugins/Animation/ControlRig/Content/Controls/ControlRig_Arrow_solid.uexp" 210
"../../../Engine/Plugins/Animation/ControlRig/Content/Controls/ControlRig_Arrow_solid.uasset" 211
"../../../Engine/Plugins/Animation/ControlRig/Content/Controls/ControlRig_Triangle_3mm.uasset" 212
"../../../Engine/Plugins/Animation/ControlRig/Content/Controls/ControlRig_Triangle_3mm.uexp" 213
"../../../Engine/Plugins/Animation/ControlRig/Content/Controls/ControlRig_Triangle_3mm.ubulk" 214
"../../../Engine/Plugins/Animation/ControlRig/Content/Controls/ControlRig_Box_solid.uasset" 215
"../../../Engine/Plugins/Animation/ControlRig/Content/Controls/ControlRig_Box_solid.ubulk" 216
"../../../Engine/Plugins/Animation/ControlRig/Content/Controls/ControlRig_Box_solid.uexp" 217
"../../../Engine/Plugins/Animation/ControlRig/Content/Controls/ControlRig_Wedge_3mm.uasset" 218
"../../../Engine/Plugins/Animation/ControlRig/Content/Controls/ControlRig_Wedge_3mm.ubulk" 219
"../../../Engine/Plugins/Animation/ControlRig/Content/Controls/ControlRig_Wedge_3mm.uexp" 220
"../../../Engine/Plugins/Animation/ControlRig/Content/Controls/ControlRig_HalfCircle_1mm.ubulk" 221
"../../../Engine/Plugins/Animation/ControlRig/Content/Controls/ControlRig_HalfCircle_1mm.uexp" 222
"../../../Engine/Plugins/Animation/ControlRig/Content/Controls/ControlRig_HalfCircle_1mm.uasset" 223
"../../../Engine/Plugins/Animation/ControlRig/Content/Controls/ControlRig_HalfCircle_solid.uexp" 224
"../../../Engine/Plugins/Animation/ControlRig/Content/Controls/ControlRig_HalfCircle_solid.ubulk" 225
"../../../Engine/Plugins/Animation/ControlRig/Content/Controls/ControlRig_HalfCircle_solid.uasset" 226
"../../../Engine/Plugins/Animation/ControlRig/Content/Controls/ControlRig_Arrow2_1mm.uexp" 227
"../../../Engine/Plugins/Animation/ControlRig/Content/Controls/ControlRig_Arrow2_1mm.ubulk" 228
"../../../Engine/Plugins/Animation/ControlRig/Content/Controls/ControlRig_Arrow2_1mm.uasset" 229
"../../../Engine/Plugins/Animation/ControlRig/Content/Controls/ControlRig_Octagon_3mm.uexp" 230
"../../../Engine/Plugins/Animation/ControlRig/Content/Controls/ControlRig_Octagon_3mm.ubulk" 231
"../../../Engine/Plugins/Animation/ControlRig/Content/Controls/ControlRig_Octagon_3mm.uasset" 232
"../../../Engine/Plugins/Animation/ControlRig/Content/Controls/ControlRig_Box_3mm.uexp" 233
"../../../Engine/Plugins/Animation/ControlRig/Content/Controls/ControlRig_Box_3mm.ubulk" 234
"../../../Engine/Plugins/Animation/ControlRig/Content/Controls/ControlRig_Box_3mm.uasset" 235
"../../../Engine/Plugins/Animation/ControlRig/Content/Controls/ControlRig_Sphere_1mm.uasset" 236
"../../../Engine/Plugins/Animation/ControlRig/Content/Controls/ControlRig_Sphere_1mm.uexp" 237
"../../../Engine/Plugins/Animation/ControlRig/Content/Controls/ControlRig_Sphere_1mm.ubulk" 238
"../../../Engine/Plugins/Animation/ControlRig/Content/Controls/ControlRig_Pyramid_3mm.uasset" 239
"../../../Engine/Plugins/Animation/ControlRig/Content/Controls/ControlRig_Pyramid_3mm.ubulk" 240
"../../../Engine/Plugins/Animation/ControlRig/Content/Controls/ControlRig_Pyramid_3mm.uexp" 241
"../../../Engine/Plugins/Animation/ControlRig/Content/Controls/ControlRig_QuarterCircle_3mm.ubulk" 242
"../../../Engine/Plugins/Animation/ControlRig/Content/Controls/ControlRig_QuarterCircle_3mm.uexp" 243
"../../../Engine/Plugins/Animation/ControlRig/Content/Controls/ControlRig_QuarterCircle_3mm.uasset" 244
"../../../Engine/Plugins/Animation/ControlRig/Content/Controls/ControlRig_Circle_1mm.ubulk" 245
"../../../Engine/Plugins/Animation/ControlRig/Content/Controls/ControlRig_Circle_1mm.uexp" 246
"../../../Engine/Plugins/Animation/ControlRig/Content/Controls/ControlRig_Circle_1mm.uasset" 247
"../../../Engine/Plugins/Animation/ControlRig/Content/Controls/ControlRig_RoundedTriangle_3mm.uasset" 248
"../../../Engine/Plugins/Animation/ControlRig/Content/Controls/ControlRig_RoundedTriangle_3mm.uexp" 249
"../../../Engine/Plugins/Animation/ControlRig/Content/Controls/ControlRig_RoundedTriangle_3mm.ubulk" 250
"../../../Engine/Plugins/Animation/ControlRig/Content/Controls/ControlRig_Triangle_solid.uasset" 251
"../../../Engine/Plugins/Animation/ControlRig/Content/Controls/ControlRig_Triangle_solid.ubulk" 252
"../../../Engine/Plugins/Animation/ControlRig/Content/Controls/ControlRig_Triangle_solid.uexp" 253
"../../../Engine/Plugins/Animation/ControlRig/Content/Controls/ControlRig_Diamond_1mm.uasset" 254
"../../../Engine/Plugins/Animation/ControlRig/Content/Controls/ControlRig_Diamond_1mm.uexp" 255
"../../../Engine/Plugins/Animation/ControlRig/Content/Controls/ControlRig_Diamond_1mm.ubulk" 256
"../../../Engine/Plugins/Animation/ControlRig/Content/Controls/ControlRig_Arrow2_solid.uasset" 257
"../../../Engine/Plugins/Animation/ControlRig/Content/Controls/ControlRig_Arrow2_solid.uexp" 258
"../../../Engine/Plugins/Animation/ControlRig/Content/Controls/ControlRig_Arrow2_solid.ubulk" 259
"../../../Engine/Plugins/Animation/ControlRig/Content/Controls/ControlRig_Arrow4_3mm.uasset" 260
"../../../Engine/Plugins/Animation/ControlRig/Content/Controls/ControlRig_Arrow4_3mm.ubulk" 261
"../../../Engine/Plugins/Animation/ControlRig/Content/Controls/ControlRig_Arrow4_3mm.uexp" 262
"../../../Engine/Plugins/Animation/ControlRig/Content/Controls/ControlRig_Hexagon_1mm.uasset" 263
"../../../Engine/Plugins/Animation/ControlRig/Content/Controls/ControlRig_Hexagon_1mm.uexp" 264
"../../../Engine/Plugins/Animation/ControlRig/Content/Controls/ControlRig_Hexagon_1mm.ubulk" 265
"../../../Engine/Plugins/Animation/ControlRig/Content/Controls/ControlRig_QuarterCircle_solid.uasset" 266
"../../../Engine/Plugins/Animation/ControlRig/Content/Controls/ControlRig_QuarterCircle_solid.ubulk" 267
"../../../Engine/Plugins/Animation/ControlRig/Content/Controls/ControlRig_QuarterCircle_solid.uexp" 268
"../../../Engine/Plugins/Animation/ControlRig/Content/Controls/ControlRig_Arrow_1mm.uasset" 269
"../../../Engine/Plugins/Animation/ControlRig/Content/Controls/ControlRig_Arrow_1mm.uexp" 270
"../../../Engine/Plugins/Animation/ControlRig/Content/Controls/ControlRig_Arrow_1mm.ubulk" 271
"../../../Engine/Plugins/Animation/ControlRig/Content/Controls/ControlRig_Square_1mm.ubulk" 272
"../../../Engine/Plugins/Animation/ControlRig/Content/Controls/ControlRig_Square_1mm.uexp" 273
"../../../Engine/Plugins/Animation/ControlRig/Content/Controls/ControlRig_Square_1mm.uasset" 274
"../../../Engine/Plugins/Animation/ControlRig/Content/Controls/ControlRig_Circle_solid.ubulk" 275
"../../../Engine/Plugins/Animation/ControlRig/Content/Controls/ControlRig_Circle_solid.uexp" 276
"../../../Engine/Plugins/Animation/ControlRig/Content/Controls/ControlRig_Circle_solid.uasset" 277
"../../../Engine/Plugins/Animation/ControlRig/Content/Controls/ControlRig_Arrow4_solid.uexp" 278
"../../../Engine/Plugins/Animation/ControlRig/Content/Controls/ControlRig_Arrow4_solid.uasset" 279
"../../../Engine/Plugins/Animation/ControlRig/Content/Controls/ControlRig_Arrow4_solid.ubulk" 280
"../../../Engine/Plugins/Animation/ControlRig/Content/Controls/ControlRig_RoundedSquare_solid.uexp" 281
"../../../Engine/Plugins/Animation/ControlRig/Content/Controls/ControlRig_RoundedSquare_solid.ubulk" 282
"../../../Engine/Plugins/Animation/ControlRig/Content/Controls/ControlRig_RoundedSquare_solid.uasset" 283
"../../../Engine/Plugins/Animation/ControlRig/Content/Controls/ControlRig_Star4_solid.uasset" 284
"../../../Engine/Plugins/Animation/ControlRig/Content/Controls/ControlRig_Star4_solid.uexp" 285
"../../../Engine/Plugins/Animation/ControlRig/Content/Controls/ControlRig_Star4_solid.ubulk" 286
"../../../Engine/Plugins/Animation/ControlRig/Content/Controls/ControlRig_Diamond_solid.uexp" 287
"../../../Engine/Plugins/Animation/ControlRig/Content/Controls/ControlRig_Diamond_solid.ubulk" 288
"../../../Engine/Plugins/Animation/ControlRig/Content/Controls/ControlRig_Diamond_solid.uasset" 289
"../../../Engine/Plugins/Animation/ControlRig/Content/Controls/ControlRig_Arrow2_3mm.uasset" 290
"../../../Engine/Plugins/Animation/ControlRig/Content/Controls/ControlRig_Arrow2_3mm.ubulk" 291
"../../../Engine/Plugins/Animation/ControlRig/Content/Controls/ControlRig_Arrow2_3mm.uexp" 292
"../../../Engine/Plugins/Animation/ControlRig/Content/Controls/ControlRig_Box_1mm.ubulk" 293
"../../../Engine/Plugins/Animation/ControlRig/Content/Controls/ControlRig_Box_1mm.uexp" 294
"../../../Engine/Plugins/Animation/ControlRig/Content/Controls/ControlRig_Box_1mm.uasset" 295
"../../../Engine/Plugins/Animation/ControlRig/Content/Controls/ControlRig_Octagon_1mm.uasset" 296
"../../../Engine/Plugins/Animation/ControlRig/Content/Controls/ControlRig_Octagon_1mm.ubulk" 297
"../../../Engine/Plugins/Animation/ControlRig/Content/Controls/ControlRig_Octagon_1mm.uexp" 298
"../../../Engine/Plugins/Animation/ControlRig/Content/Controls/ControlRig_Sphere_3mm.uasset" 299
"../../../Engine/Plugins/Animation/ControlRig/Content/Controls/ControlRig_Sphere_3mm.uexp" 300
"../../../Engine/Plugins/Animation/ControlRig/Content/Controls/ControlRig_Sphere_3mm.ubulk" 301
"../../../Engine/Plugins/Animation/ControlRig/Content/Controls/ControlRig_Triangle_1mm.uasset" 302
"../../../Engine/Plugins/Animation/ControlRig/Content/Controls/ControlRig_Triangle_1mm.uexp" 303
"../../../Engine/Plugins/Animation/ControlRig/Content/Controls/ControlRig_Triangle_1mm.ubulk" 304
"../../../Engine/Plugins/Animation/ControlRig/Content/Controls/ControlRig_RoundedTriangle_solid.ubulk" 305
"../../../Engine/Plugins/Animation/ControlRig/Content/Controls/ControlRig_RoundedTriangle_solid.uasset" 306
"../../../Engine/Plugins/Animation/ControlRig/Content/Controls/ControlRig_RoundedTriangle_solid.uexp" 307
"../../../Engine/Plugins/Animation/ControlRig/Content/Controls/ControlRig_HalfCircle_3mm.uasset" 308
"../../../Engine/Plugins/Animation/ControlRig/Content/Controls/ControlRig_HalfCircle_3mm.uexp" 309
"../../../Engine/Plugins/Animation/ControlRig/Content/Controls/ControlRig_HalfCircle_3mm.ubulk" 310
"../../../Engine/Plugins/Animation/ControlRig/Content/Controls/ControlRig_Wedge_1mm.uasset" 311
"../../../Engine/Plugins/Animation/ControlRig/Content/Controls/ControlRig_Wedge_1mm.ubulk" 312
"../../../Engine/Plugins/Animation/ControlRig/Content/Controls/ControlRig_Wedge_1mm.uexp" 313
"../../../Engine/Plugins/Animation/ControlRig/Content/Controls/DefaultGizmoLibraryNormalized.uexp" 314
"../../../Engine/Plugins/Animation/ControlRig/Content/Controls/DefaultGizmoLibraryNormalized.uasset" 315
"../../../Engine/Plugins/Animation/ControlRig/Content/Controls/ControlRig_RoundedSquare_3mm.uasset" 316
"../../../Engine/Plugins/Animation/ControlRig/Content/Controls/ControlRig_RoundedSquare_3mm.ubulk" 317
"../../../Engine/Plugins/Animation/ControlRig/Content/Controls/ControlRig_RoundedSquare_3mm.uexp" 318
"../../../Engine/Plugins/Animation/ControlRig/Content/Controls/ControlRig_Star4_3mm.uasset" 319
"../../../Engine/Plugins/Animation/ControlRig/Content/Controls/ControlRig_Star4_3mm.uexp" 320
"../../../Engine/Plugins/Animation/ControlRig/Content/Controls/ControlRig_Star4_3mm.ubulk" 321
"../../../Engine/Plugins/Animation/ControlRig/Content/Controls/ControlRig_Square_3mm.uexp" 322
"../../../Engine/Plugins/Animation/ControlRig/Content/Controls/ControlRig_Square_3mm.ubulk" 323
"../../../Engine/Plugins/Animation/ControlRig/Content/Controls/ControlRig_Square_3mm.uasset" 324
"../../../Engine/Plugins/Animation/ControlRig/Content/Controls/ControlRig_Sphere_solid.uexp" 325
"../../../Engine/Plugins/Animation/ControlRig/Content/Controls/ControlRig_Sphere_solid.uasset" 326
"../../../Engine/Plugins/Animation/ControlRig/Content/Controls/ControlRig_Sphere_solid.ubulk" 327
"../../../Engine/Plugins/Animation/ControlRig/Content/Controls/ControlRig_Hexagon_3mm.uexp" 328
"../../../Engine/Plugins/Animation/ControlRig/Content/Controls/ControlRig_Hexagon_3mm.uasset" 329
"../../../Engine/Plugins/Animation/ControlRig/Content/Controls/ControlRig_Hexagon_3mm.ubulk" 330
"../../../Engine/Plugins/Animation/ControlRig/Content/Controls/ControlRig_Arrow_3mm.uexp" 331
"../../../Engine/Plugins/Animation/ControlRig/Content/Controls/ControlRig_Arrow_3mm.uasset" 332
"../../../Engine/Plugins/Animation/ControlRig/Content/Controls/ControlRig_Arrow_3mm.ubulk" 333
"../../../Engine/Plugins/Animation/ControlRig/Content/Controls/ControlRig_Diamond_3mm.ubulk" 334
"../../../Engine/Plugins/Animation/ControlRig/Content/Controls/ControlRig_Diamond_3mm.uasset" 335
"../../../Engine/Plugins/Animation/ControlRig/Content/Controls/ControlRig_Diamond_3mm.uexp" 336
"../../../Engine/Plugins/Animation/ControlRig/Content/Controls/ControlRig_Square_solid.uexp" 337
"../../../Engine/Plugins/Animation/ControlRig/Content/Controls/ControlRig_Square_solid.uasset" 338
"../../../Engine/Plugins/Animation/ControlRig/Content/Controls/ControlRig_Square_solid.ubulk" 339
"../../../Engine/Plugins/Animation/ControlRig/Content/Controls/ControlRig_Arrow4_1mm.ubulk" 340
"../../../Engine/Plugins/Animation/ControlRig/Content/Controls/ControlRig_Arrow4_1mm.uasset" 341
"../../../Engine/Plugins/Animation/ControlRig/Content/Controls/ControlRig_Arrow4_1mm.uexp" 342
"../../../Engine/Plugins/Animation/ControlRig/Content/Controls/ControlRig_Pyramid_1mm.ubulk" 343
"../../../Engine/Plugins/Animation/ControlRig/Content/Controls/ControlRig_Pyramid_1mm.uasset" 344
"../../../Engine/Plugins/Animation/ControlRig/Content/Controls/ControlRig_Pyramid_1mm.uexp" 345
"../../../Engine/Plugins/Animation/ControlRig/Content/Controls/ControlRig_QuarterCircle_1mm.uexp" 346
"../../../Engine/Plugins/Animation/ControlRig/Content/Controls/ControlRig_QuarterCircle_1mm.uasset" 347
"../../../Engine/Plugins/Animation/ControlRig/Content/Controls/ControlRig_QuarterCircle_1mm.ubulk" 348
"../../../Engine/Plugins/Animation/ControlRig/Content/Controls/ControlRig_Circle_3mm.ubulk" 349
"../../../Engine/Plugins/Animation/ControlRig/Content/Controls/ControlRig_Circle_3mm.uasset" 350
"../../../Engine/Plugins/Animation/ControlRig/Content/Controls/ControlRig_Circle_3mm.uexp" 351
"../../../Engine/Plugins/Animation/ControlRig/Content/Controls/ControlRig_RoundedTriangle_1mm.uexp" 352
"../../../Engine/Plugins/Animation/ControlRig/Content/Controls/ControlRig_RoundedTriangle_1mm.uasset" 353
"../../../Engine/Plugins/Animation/ControlRig/Content/Controls/ControlRig_RoundedTriangle_1mm.ubulk" 354
"../../../Engine/Plugins/Animation/ControlRig/Content/Controls/ControlRigGizmoMaterial.uasset" 355
"../../../Engine/Plugins/Animation/ControlRig/Content/Controls/ControlRigGizmoMaterial.uexp" 356
"../../../Engine/Content/EngineSounds/Master.uexp" 357
"../../../Engine/Content/EngineSounds/Master.uasset" 358
"../../../Engine/Content/EngineMaterials/DefaultLightFunctionMaterial.uasset" 359
"../../../Engine/Content/EngineMaterials/DefaultLightFunctionMaterial.uexp" 360
"../../../Engine/Content/EngineResources/WhiteSquareTexture.uexp" 361
"../../../Engine/Content/EngineResources/WhiteSquareTexture.uasset" 362
"../../../Engine/Content/EngineMaterials/Widget3DPassThrough.uexp" 363
"../../../Engine/Content/EngineMaterials/Widget3DPassThrough.uasset" 364
"../../../Engine/Content/EngineMaterials/Widget3DPassThrough_Opaque.uasset" 365
"../../../Engine/Content/EngineMaterials/Widget3DPassThrough_Opaque.uexp" 366
"../../../Engine/Content/EngineMaterials/Widget3DPassThrough_Opaque_OneSided.uasset" 367
"../../../Engine/Content/EngineMaterials/Widget3DPassThrough_Opaque_OneSided.uexp" 368
"../../../Engine/Content/EngineFonts/RobotoDistanceField.uexp" 369
"../../../Engine/Content/EngineFonts/RobotoDistanceField.uasset" 370
"../../../Engine/Content/EngineMaterials/DefaultTextMaterialOpaque.uexp" 371
"../../../Engine/Content/EngineMaterials/DefaultTextMaterialOpaque.uasset" 372
"../../../Engine/Content/EngineMaterials/InvalidLightmapSettings.ubulk" 373
"../../../Engine/Content/EngineMaterials/InvalidLightmapSettings.uasset" 374
"../../../Engine/Content/EngineMaterials/InvalidLightmapSettings.uexp" 375
"../../../Engine/Content/EngineMaterials/M_InvalidLightmapSettings.uexp" 376
"../../../Engine/Content/EngineMaterials/M_InvalidLightmapSettings.uasset" 377
"../../../Engine/Content/EngineMaterials/BaseFlattenEmissiveMap_VT.uexp" 378
"../../../Engine/Content/EngineMaterials/BaseFlattenEmissiveMap_VT.uasset" 379
"../../../Engine/Content/EngineMaterials/BaseFlattenGrayscaleMap_VT.uexp" 380
"../../../Engine/Content/EngineMaterials/BaseFlattenGrayscaleMap_VT.uasset" 381
"../../../Engine/Content/EngineMaterials/BaseFlattenLinearColor_VT.uasset" 382
"../../../Engine/Content/EngineMaterials/BaseFlattenLinearColor_VT.uexp" 383
"../../../Engine/Content/EngineMaterials/Black_1x1_EXR_Texture_VT.uasset" 384
"../../../Engine/Content/EngineMaterials/Black_1x1_EXR_Texture_VT.uexp" 385
"../../../Engine/Content/EngineMaterials/BaseFlattenDiffuseMap_VT.uasset" 386
"../../../Engine/Content/EngineMaterials/BaseFlattenDiffuseMap_VT.uexp" 387
"../../../Engine/Content/EngineMaterials/BaseFlattenNormalMap_VT.uasset" 388
"../../../Engine/Content/EngineMaterials/BaseFlattenNormalMap_VT.uexp" 389
"../../../Engine/Content/EngineMaterials/FlattenMaterial_VT.uasset" 390
"../../../Engine/Content/EngineMaterials/FlattenMaterial_VT.uexp" 391
"../../../Engine/Content/EngineMaterials/DefaultPhysicalMaterial.uasset" 392
"../../../Engine/Content/EngineMaterials/DefaultPhysicalMaterial.uexp" 393
"../../../Engine/Content/EngineMaterials/DefaultDiffuse.ubulk" 394
"../../../Engine/Content/EngineMaterials/DefaultDiffuse.uexp" 395
"../../../Engine/Content/EngineMaterials/DefaultDiffuse.uasset" 396
"../../../Engine/Content/Functions/Engine_MaterialFunctions02/Utility/BreakOutFloat2Components.uasset" 397
"../../../Engine/Content/Functions/Engine_MaterialFunctions02/Utility/BreakOutFloat2Components.uexp" 398
"../../../Engine/Content/EngineMaterials/DefaultPostProcessMaterial.uexp" 399
"../../../Engine/Content/EngineMaterials/DefaultPostProcessMaterial.uasset" 400
"../../../Engine/Content/EngineMaterials/DefaultDeferredDecalMaterial.uexp" 401
"../../../Engine/Content/EngineMaterials/DefaultDeferredDecalMaterial.uasset" 402
"../../../Engine/Content/EngineMaterials/RemoveSurfaceMaterial.uasset" 403
"../../../Engine/Content/EngineMaterials/RemoveSurfaceMaterial.uexp" 404
"../../../Engine/Content/EngineMaterials/FlattenMaterial_WS_Normal_VT.uexp" 405
"../../../Engine/Content/EngineMaterials/FlattenMaterial_WS_Normal_VT.uasset" 406
"../../../Engine/Content/EngineMaterials/DefaultBloomKernel.uexp" 407
"../../../Engine/Content/EngineMaterials/DefaultBloomKernel.uasset" 408
"../../../Engine/Content/EngineMaterials/Widget3DPassThrough_Masked_OneSided.uexp" 409
"../../../Engine/Content/EngineMaterials/Widget3DPassThrough_Masked_OneSided.uasset" 410
"../../../Engine/Content/EngineMaterials/DefaultWhiteGrid_Low.uasset" 411
"../../../Engine/Content/EngineMaterials/DefaultWhiteGrid_Low.uexp" 412
"../../../Engine/Content/EngineMaterials/EmissiveMeshMaterial.uexp" 413
"../../../Engine/Content/EngineMaterials/EmissiveMeshMaterial.uasset" 414
"../../../Engine/Content/EngineMaterials/STBlueNoise_scalar_128x128x64.uasset" 415
"../../../Engine/Content/EngineMaterials/STBlueNoise_scalar_128x128x64.uexp" 416
"../../../Engine/Content/EngineMaterials/BaseFlattenNormalMap.uexp" 417
"../../../Engine/Content/EngineMaterials/BaseFlattenNormalMap.uasset" 418
"../../../Engine/Content/EngineMaterials/BaseFlattenGrayscaleMap.uasset" 419
"../../../Engine/Content/EngineMaterials/BaseFlattenGrayscaleMap.uexp" 420
"../../../Engine/Content/EngineMaterials/BaseFlattenDiffuseMap.uasset" 421
"../../../Engine/Content/EngineMaterials/BaseFlattenDiffuseMap.uexp" 422
"../../../Engine/Content/Functions/Engine_MaterialFunctions02/PivotPainter2/Black_1x1_EXR_Texture.uexp" 423
"../../../Engine/Content/Functions/Engine_MaterialFunctions02/PivotPainter2/Black_1x1_EXR_Texture.uasset" 424
"../../../Engine/Content/EngineMaterials/BaseFlattenEmissiveMap.uexp" 425
"../../../Engine/Content/EngineMaterials/BaseFlattenEmissiveMap.uasset" 426
"../../../Engine/Content/EngineMaterials/BaseFlattenLinearColor.uasset" 427
"../../../Engine/Content/EngineMaterials/BaseFlattenLinearColor.uexp" 428
"../../../Engine/Content/EngineMaterials/FlattenMaterial.uasset" 429
"../../../Engine/Content/EngineMaterials/FlattenMaterial.uexp" 430
"../../../Engine/Content/EngineMaterials/GizmoMaterial.uexp" 431
"../../../Engine/Content/EngineMaterials/GizmoMaterial.uasset" 432
"../../../Engine/Content/EngineMaterials/DefaultDestructiblePhysicalMaterial.uasset" 433
"../../../Engine/Content/EngineMaterials/DefaultDestructiblePhysicalMaterial.uexp" 434
"../../../Engine/Content/EngineMaterials/PhAT_JointLimitMaterial.uasset" 435
"../../../Engine/Content/EngineMaterials/PhAT_JointLimitMaterial.uexp" 436
"../../../Engine/Content/EngineMaterials/STBlueNoise_vec2_128x128x64.uasset" 437
"../../../Engine/Content/EngineMaterials/STBlueNoise_vec2_128x128x64.uexp" 438
"../../../Engine/Content/EngineMaterials/DefaultCalibrationColor.uexp" 439
"../../../Engine/Content/EngineMaterials/DefaultCalibrationColor.uasset" 440
"../../../Engine/Content/EngineMaterials/PPM_DefaultCalibrationColor.uasset" 441
"../../../Engine/Content/EngineMaterials/PPM_DefaultCalibrationColor.uexp" 442
"../../../Engine/Content/EngineMaterials/Widget3DPassThrough_Translucent.uasset" 443
"../../../Engine/Content/EngineMaterials/Widget3DPassThrough_Translucent.uexp" 444
"../../../Engine/Content/EngineMaterials/Widget3DPassThrough_Translucent_OneSided.uasset" 445
"../../../Engine/Content/EngineMaterials/Widget3DPassThrough_Translucent_OneSided.uexp" 446
"../../../Engine/Content/EngineMaterials/Widget3DPassThrough_Masked.uasset" 447
"../../../Engine/Content/EngineMaterials/Widget3DPassThrough_Masked.uexp" 448
"../../../Engine/Content/EngineMaterials/NaniteHiddenSectionMaterial.uasset" 449
"../../../Engine/Content/EngineMaterials/NaniteHiddenSectionMaterial.uexp" 450
"../../../Engine/Content/EngineMaterials/DefaultCalibrationGrayscale.uexp" 451
"../../../Engine/Content/EngineMaterials/DefaultCalibrationGrayscale.uasset" 452
"../../../Engine/Content/EngineMaterials/PPM_DefaultCalibrationGrayscale.uasset" 453
"../../../Engine/Content/EngineMaterials/PPM_DefaultCalibrationGrayscale.uexp" 454
"../../../Engine/Content/EngineFonts/Faces/RobotoLight.ufont" 455
"../../../Engine/Content/EngineFonts/Faces/RobotoLight.uasset" 456
"../../../Engine/Content/EngineFonts/Faces/RobotoLight.uexp" 457
"../../../Engine/Content/EngineFonts/Faces/RobotoBold.ufont" 458
"../../../Engine/Content/EngineFonts/Faces/RobotoBold.uasset" 459
"../../../Engine/Content/EngineFonts/Faces/RobotoBold.uexp" 460
"../../../Engine/Content/EngineFonts/Faces/RobotoRegular.uasset" 461
"../../../Engine/Content/EngineFonts/Faces/RobotoRegular.uexp" 462
"../../../Engine/Content/EngineFonts/Faces/RobotoRegular.ufont" 463
"../../../Engine/Content/EngineFonts/Faces/DroidSansFallback.uasset" 464
"../../../Engine/Content/EngineFonts/Faces/DroidSansFallback.ufont" 465
"../../../Engine/Content/EngineFonts/Faces/DroidSansFallback.uexp" 466
"../../../Engine/Content/EngineFonts/Faces/RobotoItalic.ufont" 467
"../../../Engine/Content/EngineFonts/Faces/RobotoItalic.uasset" 468
"../../../Engine/Content/EngineFonts/Faces/RobotoItalic.uexp" 469
"../../../Engine/Content/EngineFonts/Faces/RobotoBoldItalic.uasset" 470
"../../../Engine/Content/EngineFonts/Faces/RobotoBoldItalic.uexp" 471
"../../../Engine/Content/EngineFonts/Faces/RobotoBoldItalic.ufont" 472
"../../../Engine/Content/EngineFonts/Roboto.uasset" 473
"../../../Engine/Content/EngineFonts/Roboto.uexp" 474
"../../../Engine/Content/EngineDebugMaterials/DebugMeshMaterial.uexp" 475
"../../../Engine/Content/EngineDebugMaterials/DebugMeshMaterial.uasset" 476
"../../../Engine/Content/EngineDebugMaterials/M_SimpleUnlitTranslucent.uexp" 477
"../../../Engine/Content/EngineDebugMaterials/M_SimpleUnlitTranslucent.uasset" 478
"../../../Engine/Content/Functions/Engine_MaterialFunctions02/Utility/CameraDirectionVector.uexp" 479
"../../../Engine/Content/Functions/Engine_MaterialFunctions02/Utility/CameraDirectionVector.uasset" 480
"../../../Engine/Content/EngineDebugMaterials/VolumeToRender.uexp" 481
"../../../Engine/Content/EngineDebugMaterials/VolumeToRender.uasset" 482
"../../../Engine/Content/EngineDebugMaterials/M_VolumeRenderSphereTracePP.uexp" 483
"../../../Engine/Content/EngineDebugMaterials/M_VolumeRenderSphereTracePP.uasset" 484
"../../../Engine/Content/EngineDebugMaterials/DebugEditorMaterial.uasset" 485
"../../../Engine/Content/EngineDebugMaterials/DebugEditorMaterial.uexp" 486
"../../../Engine/Content/EngineDamageTypes/DmgTypeBP_Environmental.uasset" 487
"../../../Engine/Content/EngineDamageTypes/DmgTypeBP_Environmental.uexp" 488
"../../../Engine/Content/EditorResources/BSPVertex.uexp" 489
"../../../Engine/Content/EditorResources/BSPVertex.uasset" 490
"../../../Engine/Content/EditorResources/EmptyActor.uexp" 491
"../../../Engine/Content/EditorResources/EmptyActor.uasset" 492
"../../../Engine/Content/EditorMaterials/PhAT_UnselectedMaterial.uexp" 493
"../../../Engine/Content/EditorMaterials/PhAT_UnselectedMaterial.uasset" 494
"../../../Engine/Content/EditorMaterials/PhAT_NoCollisionMaterial.uexp" 495
"../../../Engine/Content/EditorMaterials/PhAT_NoCollisionMaterial.uasset" 496
"../../../Engine/Content/EditorMaterials/PreviewShadowIndicator.uasset" 497
"../../../Engine/Content/EditorMaterials/PreviewShadowIndicator.uexp" 498
"../../../Engine/Content/EditorMaterials/PreviewShadowIndicator.ubulk" 499
"../../../Engine/Content/EditorMaterials/PreviewShadowIndicatorMaterial.uasset" 500
"../../../Engine/Content/EditorMaterials/PreviewShadowIndicatorMaterial.uexp" 501
"../../../Engine/Content/EditorLandscapeResources/DataLayer.uasset" 502
"../../../Engine/Content/EditorLandscapeResources/DataLayer.uexp" 503
"../../../Engine/Content/EngineMaterials/DefaultMaterial.uasset" 504
"../../../Engine/Content/EngineMaterials/DefaultMaterial.uexp" 505
"../../../Engine/Content/BasicShapes/Sphere.uexp" 506
"../../../Engine/Content/BasicShapes/Sphere.ubulk" 507
"../../../Engine/Content/BasicShapes/Sphere.uasset" 508
"../../../Engine/Content/BasicShapes/Plane.ubulk" 509
"../../../Engine/Content/BasicShapes/Plane.uasset" 510
"../../../Engine/Content/BasicShapes/Plane.uexp" 511
"../../../Engine/Content/BasicShapes/Cylinder.uasset" 512
"../../../Engine/Content/BasicShapes/Cylinder.ubulk" 513
"../../../Engine/Content/BasicShapes/Cylinder.uexp" 514
"../../../Engine/Content/BasicShapes/Cube.ubulk" 515
"../../../Engine/Content/BasicShapes/Cube.uasset" 516
"../../../Engine/Content/BasicShapes/Cube.uexp" 517
"../../../Engine/Content/BasicShapes/Cone.uasset" 518
"../../../Engine/Content/BasicShapes/Cone.uexp" 519
"../../../Engine/Content/BasicShapes/Cone.ubulk" 520
"../../../Engine/Content/MobileResources/HUD/VirtualJoystick_Background.uexp" 521
"../../../Engine/Content/MobileResources/HUD/VirtualJoystick_Background.uasset" 522
"../../../Engine/Content/MobileResources/HUD/VirtualJoystick_Thumb.uasset" 523
"../../../Engine/Content/MobileResources/HUD/VirtualJoystick_Thumb.uexp" 524
"../../../Engine/Content/MobileResources/HUD/DefaultVirtualJoysticks.uasset" 525
"../../../Engine/Content/MobileResources/HUD/DefaultVirtualJoysticks.uexp" 526
"../../../Engine/Content/EngineSky/VolumetricClouds/CloudWeatherTexture.uexp" 527
"../../../Engine/Content/EngineSky/VolumetricClouds/CloudWeatherTexture.uasset" 528
"../../../Engine/Content/Functions/Engine_MaterialFunctions02/Utility/MakeFloat2.uexp" 529
"../../../Engine/Content/Functions/Engine_MaterialFunctions02/Utility/MakeFloat2.uasset" 530
"../../../Engine/Content/EngineSky/VolumetricClouds/CloudGradientTexture.uexp" 531
"../../../Engine/Content/EngineSky/VolumetricClouds/CloudGradientTexture.uasset" 532
"../../../Engine/Content/EngineSky/VolumetricClouds/T_NoiseShape64.ubulk" 533
"../../../Engine/Content/EngineSky/VolumetricClouds/T_NoiseShape64.uexp" 534
"../../../Engine/Content/EngineSky/VolumetricClouds/T_NoiseShape64.uasset" 535
"../../../Engine/Content/EngineSky/VolumetricClouds/T_VolumeNoiseShape64.uasset" 536
"../../../Engine/Content/EngineSky/VolumetricClouds/T_VolumeNoiseShape64.uexp" 537
"../../../Engine/Content/EngineSky/VolumetricClouds/T_NoiseErosion.ubulk" 538
"../../../Engine/Content/EngineSky/VolumetricClouds/T_NoiseErosion.uexp" 539
"../../../Engine/Content/EngineSky/VolumetricClouds/T_NoiseErosion.uasset" 540
"../../../Engine/Content/EngineSky/VolumetricClouds/T_VolumeNoiseErosion32.uasset" 541
"../../../Engine/Content/EngineSky/VolumetricClouds/T_VolumeNoiseErosion32.uexp" 542
"../../../Engine/Content/EngineSky/VolumetricClouds/m_SimpleVolumetricCloud.uasset" 543
"../../../Engine/Content/EngineSky/VolumetricClouds/m_SimpleVolumetricCloud.uexp" 544
"../../../Engine/Content/EngineSky/VolumetricClouds/m_SimpleVolumetricCloud_Inst.uexp" 545
"../../../Engine/Content/EngineSky/VolumetricClouds/m_SimpleVolumetricCloud_Inst.uasset" 546
"../../../Engine/Content/EngineResources/FilmGrains/Marcie_Grain_v3_128_M2_000.uexp" 547
"../../../Engine/Content/EngineResources/FilmGrains/Marcie_Grain_v3_128_M2_000.uasset" 548
"../../../Engine/Content/EditorResources/SequenceRecorder/RecordingIndicator.uexp" 549
"../../../Engine/Content/EditorResources/SequenceRecorder/RecordingIndicator.uasset" 550
"../../../Engine/Content/EditorResources/SequenceRecorder/Countdown.uasset" 551
"../../../Engine/Content/EditorResources/SequenceRecorder/Countdown.uexp" 552
"/Users/rohit/Documents/Unreal Projects/BinBowl/Content/LevelPrototyping/Textures/T_GridChecker_A.uasset" 553
"/Users/rohit/Documents/Unreal Projects/BinBowl/Content/LevelPrototyping/Textures/T_GridChecker_A.uexp" 554
"/Users/rohit/Documents/Unreal Projects/BinBowl/Content/LevelPrototyping/Textures/T_GridChecker_A.ubulk" 555
"../../../Engine/Content/Functions/Engine_MaterialFunctions02/Utility/MakeFloat3.uexp" 556
"../../../Engine/Content/Functions/Engine_MaterialFunctions02/Utility/MakeFloat3.uasset" 557
"../../../Engine/Content/Functions/Engine_MaterialFunctions01/Gradient/LinearGradient.uasset" 558
"../../../Engine/Content/Functions/Engine_MaterialFunctions01/Gradient/LinearGradient.uexp" 559
"../../../Engine/Content/Functions/Engine_MaterialFunctions01/ImageAdjustment/CheapContrast.uasset" 560
"../../../Engine/Content/Functions/Engine_MaterialFunctions01/ImageAdjustment/CheapContrast.uexp" 561
"/Users/rohit/Documents/Unreal Projects/BinBowl/Content/LevelPrototyping/Materials/MF_ProcGrid.uexp" 562
"/Users/rohit/Documents/Unreal Projects/BinBowl/Content/LevelPrototyping/Materials/MF_ProcGrid.uasset" 563
"/Users/rohit/Documents/Unreal Projects/BinBowl/Content/LevelPrototyping/Materials/M_PrototypeGrid.uexp" 564
"/Users/rohit/Documents/Unreal Projects/BinBowl/Content/LevelPrototyping/Materials/M_PrototypeGrid.uasset" 565
"/Users/rohit/Documents/Unreal Projects/BinBowl/Content/LevelPrototyping/Materials/MI_PrototypeGrid_Gray.uexp" 566
"/Users/rohit/Documents/Unreal Projects/BinBowl/Content/LevelPrototyping/Materials/MI_PrototypeGrid_Gray.uasset" 567
"/Users/rohit/Documents/Unreal Projects/BinBowl/Content/LevelPrototyping/Meshes/SM_Cube.ubulk" 568
"/Users/rohit/Documents/Unreal Projects/BinBowl/Content/LevelPrototyping/Meshes/SM_Cube.uexp" 569
"/Users/rohit/Documents/Unreal Projects/BinBowl/Content/LevelPrototyping/Meshes/SM_Cube.uasset" 570
"/Users/rohit/Documents/Unreal Projects/BinBowl/Content/LevelPrototyping/Materials/M_Solid.uexp" 571
"/Users/rohit/Documents/Unreal Projects/BinBowl/Content/LevelPrototyping/Materials/M_Solid.uasset" 572
"/Users/rohit/Documents/Unreal Projects/BinBowl/Content/LevelPrototyping/Materials/SolidGreen.uexp" 573
"/Users/rohit/Documents/Unreal Projects/BinBowl/Content/LevelPrototyping/Materials/SolidGreen.uasset" 574
"/Users/rohit/Documents/Unreal Projects/BinBowl/Content/LevelPrototyping/Materials/SolidOrange.uexp" 575
"/Users/rohit/Documents/Unreal Projects/BinBowl/Content/LevelPrototyping/Materials/SolidOrange.uasset" 576
"/Users/rohit/Documents/Unreal Projects/BinBowl/Content/LevelPrototyping/Textures/TrashCan_ao.uexp" 577
"/Users/rohit/Documents/Unreal Projects/BinBowl/Content/LevelPrototyping/Textures/TrashCan_ao.ubulk" 578
"/Users/rohit/Documents/Unreal Projects/BinBowl/Content/LevelPrototyping/Textures/TrashCan_ao.uasset" 579
"/Users/rohit/Documents/Unreal Projects/BinBowl/Content/LevelPrototyping/Textures/TrashCan_Metalness.uasset" 580
"/Users/rohit/Documents/Unreal Projects/BinBowl/Content/LevelPrototyping/Textures/TrashCan_Metalness.uexp" 581
"/Users/rohit/Documents/Unreal Projects/BinBowl/Content/LevelPrototyping/Textures/TrashCan_Metalness.ubulk" 582
"/Users/rohit/Documents/Unreal Projects/BinBowl/Content/LevelPrototyping/Textures/Blue_BaseColor.uexp" 583
"/Users/rohit/Documents/Unreal Projects/BinBowl/Content/LevelPrototyping/Textures/Blue_BaseColor.ubulk" 584
"/Users/rohit/Documents/Unreal Projects/BinBowl/Content/LevelPrototyping/Textures/Blue_BaseColor.uasset" 585
"/Users/rohit/Documents/Unreal Projects/BinBowl/Content/LevelPrototyping/Textures/TrashCan_Roughness.uasset" 586
"/Users/rohit/Documents/Unreal Projects/BinBowl/Content/LevelPrototyping/Textures/TrashCan_Roughness.uexp" 587
"/Users/rohit/Documents/Unreal Projects/BinBowl/Content/LevelPrototyping/Textures/TrashCan_Roughness.ubulk" 588
"/Users/rohit/Documents/Unreal Projects/BinBowl/Content/LevelPrototyping/Textures/TrashCan_Normal.ubulk" 589
"/Users/rohit/Documents/Unreal Projects/BinBowl/Content/LevelPrototyping/Textures/TrashCan_Normal.uasset" 590
"/Users/rohit/Documents/Unreal Projects/BinBowl/Content/LevelPrototyping/Textures/TrashCan_Normal.uexp" 591
"/Users/rohit/Documents/Unreal Projects/BinBowl/Content/LevelPrototyping/Materials/TrashCan_Blue_.uasset" 592
"/Users/rohit/Documents/Unreal Projects/BinBowl/Content/LevelPrototyping/Materials/TrashCan_Blue_.uexp" 593
"/Users/rohit/Documents/Unreal Projects/BinBowl/Content/LevelPrototyping/Meshes/TrashCan_TrashCan_Blue.uasset" 594
"/Users/rohit/Documents/Unreal Projects/BinBowl/Content/LevelPrototyping/Meshes/TrashCan_TrashCan_Blue.uexp" 595
"/Users/rohit/Documents/Unreal Projects/BinBowl/Content/LevelPrototyping/Meshes/TrashCan_TrashCan_Blue.ubulk" 596
"/Users/rohit/Documents/Unreal Projects/BinBowl/Content/FirstPerson/Sounds/682438__feliusers__impacts-crash-metal.uexp" 597
"/Users/rohit/Documents/Unreal Projects/BinBowl/Content/FirstPerson/Sounds/682438__feliusers__impacts-crash-metal.uasset" 598
"/Users/rohit/Documents/Unreal Projects/BinBowl/Content/FirstPerson/Sounds/682438__feliusers__impacts-crash-metal.ubulk" 599
"/Users/rohit/Documents/Unreal Projects/BinBowl/Content/FirstPerson/Blueprints/BP_Bin.uexp" 600
"/Users/rohit/Documents/Unreal Projects/BinBowl/Content/FirstPerson/Blueprints/BP_Bin.uasset" 601
"/Users/rohit/Documents/Unreal Projects/BinBowl/Content/FirstPerson/Blueprints/TriggerBox_Blueprint.uexp" 602
"/Users/rohit/Documents/Unreal Projects/BinBowl/Content/FirstPerson/Blueprints/TriggerBox_Blueprint.uasset" 603
"../../../Engine/Content/Maps/Templates/HLODs/HLODLayer_Merged.uexp" 604
"../../../Engine/Content/Maps/Templates/HLODs/HLODLayer_Merged.uasset" 605
"../../../Engine/Content/Functions/Engine_MaterialFunctions01/Shading/PowerToRoughness.uexp" 606
"../../../Engine/Content/Functions/Engine_MaterialFunctions01/Shading/PowerToRoughness.uasset" 607
"../../../Engine/Content/Functions/Engine_MaterialFunctions01/Shading/ConvertFromDiffSpec.uexp" 608
"../../../Engine/Content/Functions/Engine_MaterialFunctions01/Shading/ConvertFromDiffSpec.uasset" 609
"../../../Engine/Content/Maps/Entry_BuiltData.uexp" 610
"../../../Engine/Content/Maps/Entry_BuiltData.uasset" 611
"../../../Engine/Content/Maps/Entry.umap" 612
"../../../Engine/Content/Maps/Entry.uexp" 613
"/Users/rohit/Documents/Unreal Projects/BinBowl/Content/Font/GladlyAcceptRegular-Wyjov.ufont" 614
"/Users/rohit/Documents/Unreal Projects/BinBowl/Content/Font/GladlyAcceptRegular-Wyjov.uasset" 615
"/Users/rohit/Documents/Unreal Projects/BinBowl/Content/Font/GladlyAcceptRegular-Wyjov.uexp" 616
"/Users/rohit/Documents/Unreal Projects/BinBowl/Content/Font/GladlyAcceptRegular-Wyjov_Font.uasset" 617
"/Users/rohit/Documents/Unreal Projects/BinBowl/Content/Font/GladlyAcceptRegular-Wyjov_Font.uexp" 618
"/Users/rohit/Documents/Unreal Projects/BinBowl/Content/HUD/TitleImage.uexp" 619
"/Users/rohit/Documents/Unreal Projects/BinBowl/Content/HUD/TitleImage.uasset" 620
"/Users/rohit/Documents/Unreal Projects/BinBowl/Content/HUD/Credits.uasset" 621
"/Users/rohit/Documents/Unreal Projects/BinBowl/Content/HUD/Credits.uexp" 622
"/Users/rohit/Documents/Unreal Projects/BinBowl/Content/HUD/StartScreen.uexp" 623
"/Users/rohit/Documents/Unreal Projects/BinBowl/Content/HUD/StartScreen.uasset" 624
"/Users/rohit/Documents/Unreal Projects/BinBowl/Content/FirstPerson/Blueprints/BP_MainMenuPlayerContorller.uexp" 625
"/Users/rohit/Documents/Unreal Projects/BinBowl/Content/FirstPerson/Blueprints/BP_MainMenuPlayerContorller.uasset" 626
"/Users/rohit/Documents/Unreal Projects/BinBowl/Content/FirstPerson/Blueprints/BP_MainMenuGameMode.uexp" 627
"/Users/rohit/Documents/Unreal Projects/BinBowl/Content/FirstPerson/Blueprints/BP_MainMenuGameMode.uasset" 628
"/Users/rohit/Documents/Unreal Projects/BinBowl/Content/FirstPerson/Sounds/Stranger_Things_Style_Music___Royalty_Free_No_Copyright_.uasset" 629
"/Users/rohit/Documents/Unreal Projects/BinBowl/Content/FirstPerson/Sounds/Stranger_Things_Style_Music___Royalty_Free_No_Copyright_.ubulk" 630
"/Users/rohit/Documents/Unreal Projects/BinBowl/Content/FirstPerson/Sounds/Stranger_Things_Style_Music___Royalty_Free_No_Copyright_.uexp" 631
"/Users/rohit/Documents/Unreal Projects/BinBowl/Content/FirstPerson/Maps/StartMenu.umap" 632
"/Users/rohit/Documents/Unreal Projects/BinBowl/Content/FirstPerson/Maps/StartMenu.uexp" 633
"/Users/rohit/Documents/Unreal Projects/BinBowl/Content/HUD/YouLose.uexp" 634
"/Users/rohit/Documents/Unreal Projects/BinBowl/Content/HUD/YouLose.uasset" 635
"/Users/rohit/Documents/Unreal Projects/BinBowl/Content/FirstPerson/Sounds/567308__bigdino1995__plasmacannon.uexp" 636
"/Users/rohit/Documents/Unreal Projects/BinBowl/Content/FirstPerson/Sounds/567308__bigdino1995__plasmacannon.ubulk" 637
"/Users/rohit/Documents/Unreal Projects/BinBowl/Content/FirstPerson/Sounds/567308__bigdino1995__plasmacannon.uasset" 638
"/Users/rohit/Documents/Unreal Projects/BinBowl/Content/HUD/YouWin.uasset" 639
"/Users/rohit/Documents/Unreal Projects/BinBowl/Content/HUD/YouWin.uexp" 640
"../../../Engine/Content/Functions/Engine_MaterialFunctions02/Utility/BlendAngleCorrectedNormals.uasset" 641
"../../../Engine/Content/Functions/Engine_MaterialFunctions02/Utility/BlendAngleCorrectedNormals.uexp" 642
"../../../Engine/Content/Functions/MaterialLayerFunctions/MatLayerBlend_NormalBlend.uexp" 643
"../../../Engine/Content/Functions/MaterialLayerFunctions/MatLayerBlend_NormalBlend.uasset" 644
"/Users/rohit/Documents/Unreal Projects/BinBowl/Content/FirstPersonArms/Character/Materials/MaterialLayers/T_ML_Rubber_Blue_01_N.ubulk" 645
"/Users/rohit/Documents/Unreal Projects/BinBowl/Content/FirstPersonArms/Character/Materials/MaterialLayers/T_ML_Rubber_Blue_01_N.uasset" 646
"/Users/rohit/Documents/Unreal Projects/BinBowl/Content/FirstPersonArms/Character/Materials/MaterialLayers/T_ML_Rubber_Blue_01_N.uexp" 647
"/Users/rohit/Documents/Unreal Projects/BinBowl/Content/FirstPersonArms/Character/Materials/MaterialLayers/T_ML_Rubber_Blue_01_D.uexp" 648
"/Users/rohit/Documents/Unreal Projects/BinBowl/Content/FirstPersonArms/Character/Materials/MaterialLayers/T_ML_Rubber_Blue_01_D.uasset" 649
"/Users/rohit/Documents/Unreal Projects/BinBowl/Content/FirstPersonArms/Character/Materials/MaterialLayers/T_ML_Rubber_Blue_01_D.ubulk" 650
"/Users/rohit/Documents/Unreal Projects/BinBowl/Content/FirstPersonArms/Character/Materials/MaterialLayers/ML_GlossyBlack_Latex_UE4.uexp" 651
"/Users/rohit/Documents/Unreal Projects/BinBowl/Content/FirstPersonArms/Character/Materials/MaterialLayers/ML_GlossyBlack_Latex_UE4.uasset" 652
"/Users/rohit/Documents/Unreal Projects/BinBowl/Content/FirstPersonArms/Character/Textures/UE4_Mannequin_MAT_MASKA.uasset" 653
"/Users/rohit/Documents/Unreal Projects/BinBowl/Content/FirstPersonArms/Character/Textures/UE4_Mannequin_MAT_MASKA.uexp" 654
"/Users/rohit/Documents/Unreal Projects/BinBowl/Content/FirstPersonArms/Character/Textures/UE4_Mannequin_MAT_MASKA.ubulk" 655
"/Users/rohit/Documents/Unreal Projects/BinBowl/Content/FirstPersonArms/Character/Textures/UE4_LOGO_CARD.uexp" 656
"/Users/rohit/Documents/Unreal Projects/BinBowl/Content/FirstPersonArms/Character/Textures/UE4_LOGO_CARD.uasset" 657
"/Users/rohit/Documents/Unreal Projects/BinBowl/Content/FirstPersonArms/Character/Textures/UE4_LOGO_CARD.ubulk" 658
"/Users/rohit/Documents/Unreal Projects/BinBowl/Content/FirstPersonArms/Character/Materials/MaterialLayers/ML_Plastic_Shiny_Beige_LOGO.uexp" 659
"/Users/rohit/Documents/Unreal Projects/BinBowl/Content/FirstPersonArms/Character/Materials/MaterialLayers/ML_Plastic_Shiny_Beige_LOGO.uasset" 660
"../../../Engine/Content/Functions/MaterialLayerFunctions/MatLayerBlend_Simple.uasset" 661
"../../../Engine/Content/Functions/MaterialLayerFunctions/MatLayerBlend_Simple.uexp" 662
"/Users/rohit/Documents/Unreal Projects/BinBowl/Content/FirstPersonArms/Character/Materials/MaterialLayers/T_ML_Aluminum01.uasset" 663
"/Users/rohit/Documents/Unreal Projects/BinBowl/Content/FirstPersonArms/Character/Materials/MaterialLayers/T_ML_Aluminum01.ubulk" 664
"/Users/rohit/Documents/Unreal Projects/BinBowl/Content/FirstPersonArms/Character/Materials/MaterialLayers/T_ML_Aluminum01.uexp" 665
"/Users/rohit/Documents/Unreal Projects/BinBowl/Content/FirstPersonArms/Character/Materials/MaterialLayers/T_ML_Aluminum01_N.ubulk" 666
"/Users/rohit/Documents/Unreal Projects/BinBowl/Content/FirstPersonArms/Character/Materials/MaterialLayers/T_ML_Aluminum01_N.uasset" 667
"/Users/rohit/Documents/Unreal Projects/BinBowl/Content/FirstPersonArms/Character/Materials/MaterialLayers/T_ML_Aluminum01_N.uexp" 668
"/Users/rohit/Documents/Unreal Projects/BinBowl/Content/FirstPersonArms/Character/Materials/MaterialLayers/ML_SoftMetal_UE4.uexp" 669
"/Users/rohit/Documents/Unreal Projects/BinBowl/Content/FirstPersonArms/Character/Materials/MaterialLayers/ML_SoftMetal_UE4.uasset" 670
"/Users/rohit/Documents/Unreal Projects/BinBowl/Content/FirstPersonArms/Character/Materials/MaterialLayers/ML_Plastic_Shiny_Beige.uexp" 671
"/Users/rohit/Documents/Unreal Projects/BinBowl/Content/FirstPersonArms/Character/Materials/MaterialLayers/ML_Plastic_Shiny_Beige.uasset" 672
"/Users/rohit/Documents/Unreal Projects/BinBowl/Content/FirstPersonArms/Character/Textures/UE4_Mannequin__normals.ubulk" 673
"/Users/rohit/Documents/Unreal Projects/BinBowl/Content/FirstPersonArms/Character/Textures/UE4_Mannequin__normals.uasset" 674
"/Users/rohit/Documents/Unreal Projects/BinBowl/Content/FirstPersonArms/Character/Textures/UE4_Mannequin__normals.uexp" 675
"/Users/rohit/Documents/Unreal Projects/BinBowl/Content/FirstPersonArms/Character/Materials/M_UE4Man_Body.uasset" 676
"/Users/rohit/Documents/Unreal Projects/BinBowl/Content/FirstPersonArms/Character/Materials/M_UE4Man_Body.uexp" 677
"/Users/rohit/Documents/Unreal Projects/BinBowl/Content/FirstPersonArms/Character/Mesh/SK_Mannequin_Arms_PhysicsAsset.uasset" 678
"/Users/rohit/Documents/Unreal Projects/BinBowl/Content/FirstPersonArms/Character/Mesh/SK_Mannequin_Arms_PhysicsAsset.uexp" 679
"/Users/rohit/Documents/Unreal Projects/BinBowl/Content/FirstPersonArms/Character/Mesh/SK_Mannequin_Arms_Skeleton.uasset" 680
"/Users/rohit/Documents/Unreal Projects/BinBowl/Content/FirstPersonArms/Character/Mesh/SK_Mannequin_Arms_Skeleton.uexp" 681
"/Users/rohit/Documents/Unreal Projects/BinBowl/Content/FirstPersonArms/Character/Mesh/SK_Mannequin_Arms.uexp" 682
"/Users/rohit/Documents/Unreal Projects/BinBowl/Content/FirstPersonArms/Character/Mesh/SK_Mannequin_Arms.uasset" 683
"/Users/rohit/Documents/Unreal Projects/BinBowl/Content/FPWeapon/Mesh/SK_FPGun_Skeleton.uasset" 684
"/Users/rohit/Documents/Unreal Projects/BinBowl/Content/FPWeapon/Mesh/SK_FPGun_Skeleton.uexp" 685
"/Users/rohit/Documents/Unreal Projects/BinBowl/Content/FPWeapon/Materials/MaterialLayers/T_ML_Rubber_Blue_01_D.uexp" 686
"/Users/rohit/Documents/Unreal Projects/BinBowl/Content/FPWeapon/Materials/MaterialLayers/T_ML_Rubber_Blue_01_D.uasset" 687
"/Users/rohit/Documents/Unreal Projects/BinBowl/Content/FPWeapon/Materials/MaterialLayers/T_ML_Rubber_Blue_01_D.ubulk" 688
"/Users/rohit/Documents/Unreal Projects/BinBowl/Content/FPWeapon/Textures/T_FPGun_N.ubulk" 689
"/Users/rohit/Documents/Unreal Projects/BinBowl/Content/FPWeapon/Textures/T_FPGun_N.uexp" 690
"/Users/rohit/Documents/Unreal Projects/BinBowl/Content/FPWeapon/Textures/T_FPGun_N.uasset" 691
"/Users/rohit/Documents/Unreal Projects/BinBowl/Content/FPWeapon/Materials/MaterialLayers/T_ML_Rubber_Blue_01_N.ubulk" 692
"/Users/rohit/Documents/Unreal Projects/BinBowl/Content/FPWeapon/Materials/MaterialLayers/T_ML_Rubber_Blue_01_N.uasset" 693
"/Users/rohit/Documents/Unreal Projects/BinBowl/Content/FPWeapon/Materials/MaterialLayers/T_ML_Rubber_Blue_01_N.uexp" 694
"/Users/rohit/Documents/Unreal Projects/BinBowl/Content/FPWeapon/Materials/MaterialLayers/ML_Screen.uasset" 695
"/Users/rohit/Documents/Unreal Projects/BinBowl/Content/FPWeapon/Materials/MaterialLayers/ML_Screen.uexp" 696
"/Users/rohit/Documents/Unreal Projects/BinBowl/Content/FPWeapon/Materials/MaterialLayers/T_ML_Aluminum01_N.ubulk" 697
"/Users/rohit/Documents/Unreal Projects/BinBowl/Content/FPWeapon/Materials/MaterialLayers/T_ML_Aluminum01_N.uasset" 698
"/Users/rohit/Documents/Unreal Projects/BinBowl/Content/FPWeapon/Materials/MaterialLayers/T_ML_Aluminum01_N.uexp" 699
"/Users/rohit/Documents/Unreal Projects/BinBowl/Content/FPWeapon/Materials/MaterialLayers/T_ML_Aluminum01.uasset" 700
"/Users/rohit/Documents/Unreal Projects/BinBowl/Content/FPWeapon/Materials/MaterialLayers/T_ML_Aluminum01.ubulk" 701
"/Users/rohit/Documents/Unreal Projects/BinBowl/Content/FPWeapon/Materials/MaterialLayers/T_ML_Aluminum01.uexp" 702
"/Users/rohit/Documents/Unreal Projects/BinBowl/Content/FPWeapon/Materials/MaterialLayers/ML_SoftMetal_UE4.uexp" 703
"/Users/rohit/Documents/Unreal Projects/BinBowl/Content/FPWeapon/Materials/MaterialLayers/ML_SoftMetal_UE4.uasset" 704
"/Users/rohit/Documents/Unreal Projects/BinBowl/Content/FPWeapon/Textures/T_FPGun_M.uasset" 705
"/Users/rohit/Documents/Unreal Projects/BinBowl/Content/FPWeapon/Textures/T_FPGun_M.ubulk" 706
"/Users/rohit/Documents/Unreal Projects/BinBowl/Content/FPWeapon/Textures/T_FPGun_M.uexp" 707
"/Users/rohit/Documents/Unreal Projects/BinBowl/Content/FPWeapon/Materials/MaterialLayers/ML_Plastic_Shiny_Beige.uexp" 708
"/Users/rohit/Documents/Unreal Projects/BinBowl/Content/FPWeapon/Materials/MaterialLayers/ML_Plastic_Shiny_Beige.uasset" 709
"/Users/rohit/Documents/Unreal Projects/BinBowl/Content/FPWeapon/Materials/MaterialLayers/ML_GlossyBlack_Latex_UE4.uexp" 710
"/Users/rohit/Documents/Unreal Projects/BinBowl/Content/FPWeapon/Materials/MaterialLayers/ML_GlossyBlack_Latex_UE4.uasset" 711
"/Users/rohit/Documents/Unreal Projects/BinBowl/Content/FPWeapon/Materials/M_FPGun.uasset" 712
"/Users/rohit/Documents/Unreal Projects/BinBowl/Content/FPWeapon/Materials/M_FPGun.uexp" 713
"/Users/rohit/Documents/Unreal Projects/BinBowl/Content/FPWeapon/Mesh/SK_FPGun_Physics.uasset" 714
"/Users/rohit/Documents/Unreal Projects/BinBowl/Content/FPWeapon/Mesh/SK_FPGun_Physics.uexp" 715
"/Users/rohit/Documents/Unreal Projects/BinBowl/Content/FPWeapon/Mesh/SK_FPGun.uasset" 716
"/Users/rohit/Documents/Unreal Projects/BinBowl/Content/FPWeapon/Mesh/SK_FPGun.uexp" 717
"/Users/rohit/Documents/Unreal Projects/BinBowl/Content/FPWeapon/Materials/BaseMaterial.uasset" 718
"/Users/rohit/Documents/Unreal Projects/BinBowl/Content/FPWeapon/Materials/BaseMaterial.uexp" 719
"/Users/rohit/Documents/Unreal Projects/BinBowl/Content/FPWeapon/Materials/FirstPersonProjectileMaterial.uasset" 720
"/Users/rohit/Documents/Unreal Projects/BinBowl/Content/FPWeapon/Materials/FirstPersonProjectileMaterial.uexp" 721
"/Users/rohit/Documents/Unreal Projects/BinBowl/Content/FPWeapon/Mesh/FirstPersonProjectileMesh.ubulk" 722
"/Users/rohit/Documents/Unreal Projects/BinBowl/Content/FPWeapon/Mesh/FirstPersonProjectileMesh.uexp" 723
"/Users/rohit/Documents/Unreal Projects/BinBowl/Content/FPWeapon/Mesh/FirstPersonProjectileMesh.uasset" 724
"/Users/rohit/Documents/Unreal Projects/BinBowl/Content/LevelPrototyping/Materials/MI_Solid_Blue.uexp" 725
"/Users/rohit/Documents/Unreal Projects/BinBowl/Content/LevelPrototyping/Materials/MI_Solid_Blue.uasset" 726
"/Users/rohit/Documents/Unreal Projects/BinBowl/Content/FirstPerson/Blueprints/BP_FirstPersonProjectile.uexp" 727
"/Users/rohit/Documents/Unreal Projects/BinBowl/Content/FirstPerson/Blueprints/BP_FirstPersonProjectile.uasset" 728
"../../../Engine/Content/Animation/DefaultAnimCurveCompressionSettings.uasset" 729
"../../../Engine/Content/Animation/DefaultAnimCurveCompressionSettings.uexp" 730
"../../../Engine/Content/Animation/DefaultAnimBoneCompressionSettings.uasset" 731
"../../../Engine/Content/Animation/DefaultAnimBoneCompressionSettings.uexp" 732
"/Users/rohit/Documents/Unreal Projects/BinBowl/Content/FirstPersonArms/Animations/FP_Rifle_Fire.uexp" 733
"/Users/rohit/Documents/Unreal Projects/BinBowl/Content/FirstPersonArms/Animations/FP_Rifle_Fire.uasset" 734
"/Users/rohit/Documents/Unreal Projects/BinBowl/Content/FirstPersonArms/Animations/FP_Rifle_Shoot_Montage.uasset" 735
"/Users/rohit/Documents/Unreal Projects/BinBowl/Content/FirstPersonArms/Animations/FP_Rifle_Shoot_Montage.uexp" 736
"/Users/rohit/Documents/Unreal Projects/BinBowl/Content/FirstPersonArms/Animations/FP_Rifle_Idle.uexp" 737
"/Users/rohit/Documents/Unreal Projects/BinBowl/Content/FirstPersonArms/Animations/FP_Rifle_Idle.uasset" 738
"/Users/rohit/Documents/Unreal Projects/BinBowl/Content/FirstPersonArms/Animations/FP_Rifle_Land.uexp" 739
"/Users/rohit/Documents/Unreal Projects/BinBowl/Content/FirstPersonArms/Animations/FP_Rifle_Land.uasset" 740
"/Users/rohit/Documents/Unreal Projects/BinBowl/Content/FirstPersonArms/Animations/FP_Rifle_Run.uexp" 741
"/Users/rohit/Documents/Unreal Projects/BinBowl/Content/FirstPersonArms/Animations/FP_Rifle_Run.uasset" 742
"/Users/rohit/Documents/Unreal Projects/BinBowl/Content/FirstPersonArms/Animations/FP_Rifle_Falling.uasset" 743
"/Users/rohit/Documents/Unreal Projects/BinBowl/Content/FirstPersonArms/Animations/FP_Rifle_Falling.uexp" 744
"../../../Engine/Content/Animation/DefaultRecorderBoneCompression.uexp" 745
"../../../Engine/Content/Animation/DefaultRecorderBoneCompression.uasset" 746
"/Users/rohit/Documents/Unreal Projects/BinBowl/Content/FirstPersonArms/Animations/FP_Idle.uexp" 747
"/Users/rohit/Documents/Unreal Projects/BinBowl/Content/FirstPersonArms/Animations/FP_Idle.uasset" 748
"/Users/rohit/Documents/Unreal Projects/BinBowl/Content/FirstPersonArms/Animations/FP_Jump.uexp" 749
"/Users/rohit/Documents/Unreal Projects/BinBowl/Content/FirstPersonArms/Animations/FP_Jump.uasset" 750
"/Users/rohit/Documents/Unreal Projects/BinBowl/Content/FirstPersonArms/Animations/FP_Run_Fwd.uasset" 751
"/Users/rohit/Documents/Unreal Projects/BinBowl/Content/FirstPersonArms/Animations/FP_Run_Fwd.uexp" 752
"/Users/rohit/Documents/Unreal Projects/BinBowl/Content/FirstPersonArms/Animations/FP_Land.uexp" 753
"/Users/rohit/Documents/Unreal Projects/BinBowl/Content/FirstPersonArms/Animations/FP_Land.uasset" 754
"/Users/rohit/Documents/Unreal Projects/BinBowl/Content/FirstPersonArms/Animations/FP_Falling.uexp" 755
"/Users/rohit/Documents/Unreal Projects/BinBowl/Content/FirstPersonArms/Animations/FP_Falling.uasset" 756
"/Users/rohit/Documents/Unreal Projects/BinBowl/Content/FirstPersonArms/Animations/FP_Rifle_Jump.uasset" 757
"/Users/rohit/Documents/Unreal Projects/BinBowl/Content/FirstPersonArms/Animations/FP_Rifle_Jump.uexp" 758
"../../../Engine/Content/EditorBlueprintResources/StandardMacros.uasset" 759
"../../../Engine/Content/EditorBlueprintResources/StandardMacros.uexp" 760
"/Users/rohit/Documents/Unreal Projects/BinBowl/Content/FirstPerson/Input/Actions/IA_Look.uexp" 761
"/Users/rohit/Documents/Unreal Projects/BinBowl/Content/FirstPerson/Input/Actions/IA_Look.uasset" 762
"/Users/rohit/Documents/Unreal Projects/BinBowl/Content/FirstPerson/Input/Actions/IA_Move.uasset" 763
"/Users/rohit/Documents/Unreal Projects/BinBowl/Content/FirstPerson/Input/Actions/IA_Move.uexp" 764
"/Users/rohit/Documents/Unreal Projects/BinBowl/Content/FirstPerson/Input/Actions/IA_Jump.uexp" 765
"/Users/rohit/Documents/Unreal Projects/BinBowl/Content/FirstPerson/Input/Actions/IA_Jump.uasset" 766
"/Users/rohit/Documents/Unreal Projects/BinBowl/Content/FirstPerson/Input/IMC_Default.uexp" 767
"/Users/rohit/Documents/Unreal Projects/BinBowl/Content/FirstPerson/Input/IMC_Default.uasset" 768
"/Users/rohit/Documents/Unreal Projects/BinBowl/Content/FirstPerson/Blueprints/BP_FirstPersonCharacter.uasset" 769
"/Users/rohit/Documents/Unreal Projects/BinBowl/Content/FirstPerson/Blueprints/BP_FirstPersonCharacter.uexp" 770
"/Users/rohit/Documents/Unreal Projects/BinBowl/Content/FirstPersonArms/Animations/FirstPerson_AnimBP.uasset" 771
"/Users/rohit/Documents/Unreal Projects/BinBowl/Content/FirstPersonArms/Animations/FirstPerson_AnimBP.uexp" 772
"/Users/rohit/Documents/Unreal Projects/BinBowl/Content/FirstPerson/Blueprints/BP_Weapon.uexp" 773
"/Users/rohit/Documents/Unreal Projects/BinBowl/Content/FirstPerson/Blueprints/BP_Weapon.uasset" 774
"/Users/rohit/Documents/Unreal Projects/BinBowl/Content/HUD/AmmoCounter.uexp" 775
"/Users/rohit/Documents/Unreal Projects/BinBowl/Content/HUD/AmmoCounter.uasset" 776
"/Users/rohit/Documents/Unreal Projects/BinBowl/Content/HUD/HUD.uasset" 777
"/Users/rohit/Documents/Unreal Projects/BinBowl/Content/HUD/HUD.uexp" 778
"/Users/rohit/Documents/Unreal Projects/BinBowl/Content/FirstPerson/Blueprints/FirstPlayerController.uasset" 779
"/Users/rohit/Documents/Unreal Projects/BinBowl/Content/FirstPerson/Blueprints/FirstPlayerController.uexp" 780
"/Users/rohit/Documents/Unreal Projects/BinBowl/Content/FirstPerson/Blueprints/BP_FirstPersonGameMode.uexp" 781
"/Users/rohit/Documents/Unreal Projects/BinBowl/Content/FirstPerson/Blueprints/BP_FirstPersonGameMode.uasset" 782
"../../../Engine/Content/Maps/Templates/HLODs/HLODLayer_Instanced.uexp" 783
"../../../Engine/Content/Maps/Templates/HLODs/HLODLayer_Instanced.uasset" 784
"/Users/rohit/Documents/Unreal Projects/BinBowl/Content/FirstPerson/Sounds/Sirius_SciFi_-_Free_Sci-fi_Music_for_Videos__Royalty_Free_No_Copyright_.uasset" 785
"/Users/rohit/Documents/Unreal Projects/BinBowl/Content/FirstPerson/Sounds/Sirius_SciFi_-_Free_Sci-fi_Music_for_Videos__Royalty_Free_No_Copyright_.ubulk" 786
"/Users/rohit/Documents/Unreal Projects/BinBowl/Content/FirstPerson/Sounds/Sirius_SciFi_-_Free_Sci-fi_Music_for_Videos__Royalty_Free_No_Copyright_.uexp" 787
"/Users/rohit/Documents/Unreal Projects/BinBowl/Content/FirstPerson/Maps/FirstPersonMap.uexp" 788
"/Users/rohit/Documents/Unreal Projects/BinBowl/Content/FirstPerson/Maps/FirstPersonMap.umap" 789
